   0.2000000E+00  0.1980393E+01  0.9444469E+00  0.0000000E+00  0.0000000E+00 -0.3413170E-12
   0.4000000E+00  0.1980375E+01  0.9316234E+00  0.0000000E+00  0.0000000E+00 -0.1600222E-11
   0.6000000E+00  0.1980373E+01  0.9241886E+00  0.0000000E+00  0.0000000E+00 -0.5647408E-11
   0.8000000E+00  0.1980373E+01  0.9187566E+00  0.0000000E+00  0.0000000E+00 -0.8863912E-11
   0.1000000E+01  0.1980373E+01  0.9131976E+00  0.0000000E+00  0.0000000E+00  0.1356145E-11
   0.1200000E+01  0.1980373E+01  0.9070635E+00  0.0000000E+00  0.0000000E+00  0.2866479E-10
   0.1400000E+01  0.1980373E+01  0.9007193E+00  0.0000000E+00  0.0000000E+00  0.4139325E-10
   0.1600000E+01  0.1980373E+01  0.8944820E+00  0.0000000E+00  0.0000000E+00  0.1378719E-10
   0.1800000E+01  0.1980373E+01  0.8884507E+00  0.0000000E+00  0.0000000E+00 -0.4744472E-10
   0.2000000E+01  0.1980373E+01  0.8825980E+00  0.0000000E+00  0.0000000E+00 -0.1310171E-09
   0.2200000E+01  0.1980373E+01  0.8771559E+00  0.0000000E+00  0.0000000E+00 -0.2470158E-09
   0.2400000E+01  0.1980373E+01  0.8724313E+00  0.0000000E+00  0.0000000E+00 -0.4343363E-09
   0.2600000E+01  0.1980373E+01  0.8684812E+00  0.0000000E+00  0.0000000E+00 -0.7769393E-09
   0.2800000E+01  0.1980373E+01  0.8651576E+00  0.0000000E+00  0.0000000E+00 -0.1423657E-08
   0.3000000E+01  0.1980373E+01  0.8622810E+00  0.0000000E+00  0.0000000E+00 -0.2612454E-08
   0.3200000E+01  0.1980373E+01  0.8597068E+00  0.0000000E+00  0.0000000E+00 -0.4668744E-08
   0.3400000E+01  0.1980373E+01  0.8573044E+00  0.0000000E+00  0.0000000E+00 -0.8779938E-08
   0.3600000E+01  0.1980373E+01  0.8549928E+00  0.0000000E+00  0.0000000E+00 -0.2477395E-07
   0.3800000E+01  0.1980373E+01  0.8527809E+00  0.0000000E+00  0.0000000E+00 -0.1003043E-06
   0.4000000E+01  0.1980373E+01  0.8507206E+00  0.0000000E+00  0.0000000E+00 -0.3646876E-06
   0.4200000E+01  0.1980373E+01  0.8488385E+00  0.0000000E+00  0.0000000E+00 -0.1015319E-05
   0.4400000E+01  0.1980373E+01  0.8471257E+00  0.0000000E+00  0.0000000E+00 -0.2175619E-05
   0.4600000E+01  0.1980373E+01  0.8455795E+00  0.0000000E+00  0.0000000E+00 -0.3707251E-05
   0.4800000E+01  0.1980373E+01  0.8442516E+00  0.0000000E+00  0.0000000E+00 -0.5133642E-05
   0.5000000E+01  0.1980373E+01  0.8432735E+00  0.0000000E+00  0.0000000E+00 -0.5641191E-05
   0.5200000E+01  0.1980373E+01  0.8428508E+00  0.0000000E+00  0.0000000E+00 -0.4031868E-05
   0.5400000E+01  0.1980373E+01  0.8432343E+00  0.0000000E+00  0.0000000E+00  0.1944985E-05
   0.5600000E+01  0.1980373E+01  0.8446248E+00  0.0000000E+00  0.0000000E+00  0.1603324E-04
   0.5800000E+01  0.1980373E+01  0.8468368E+00  0.0000000E+00  0.0000000E+00  0.3484835E-04
   0.6000000E+01  0.1980373E+01  0.8489224E+00  0.0000000E+00  0.0000000E+00  0.3648270E-04
   0.6200000E+01  0.1980373E+01  0.8499863E+00  0.0000000E+00  0.0000000E+00  0.1909766E-04
   0.6400000E+01  0.1980373E+01  0.8498721E+00  0.0000000E+00  0.0000000E+00  0.4280838E-05
   0.6600000E+01  0.1980373E+01  0.8486838E+00  0.0000000E+00  0.0000000E+00 -0.1021574E-05
   0.6800000E+01  0.1980373E+01  0.8466557E+00  0.0000000E+00  0.0000000E+00  0.1794540E-05
   0.7000000E+01  0.1980373E+01  0.8440750E+00  0.0000000E+00  0.0000000E+00  0.6225120E-05
   0.7200000E+01  0.1980373E+01  0.8411389E+00  0.0000000E+00  0.0000000E+00  0.9794591E-05
   0.7400000E+01  0.1980373E+01  0.8379654E+00  0.0000000E+00  0.0000000E+00  0.1463687E-04
   0.7600000E+01  0.1980373E+01  0.8346461E+00  0.0000000E+00  0.0000000E+00  0.2055652E-04
   0.7800000E+01  0.1980373E+01  0.8312448E+00  0.0000000E+00  0.0000000E+00  0.2684336E-04
   0.8000000E+01  0.1980373E+01  0.8278098E+00  0.0000000E+00  0.0000000E+00  0.3266897E-04
   0.8200000E+01  0.1980373E+01  0.8243875E+00  0.0000000E+00  0.0000000E+00  0.3713689E-04
   0.8400000E+01  0.1980373E+01  0.8210297E+00  0.0000000E+00  0.0000000E+00  0.3961652E-04
   0.8600000E+01  0.1980373E+01  0.8177965E+00  0.0000000E+00  0.0000000E+00  0.3988701E-04
   0.8800000E+01  0.1980373E+01  0.8147515E+00  0.0000000E+00  0.0000000E+00  0.3820464E-04
   0.9000000E+01  0.1980373E+01  0.8119522E+00  0.0000000E+00  0.0000000E+00  0.3521569E-04
   0.9200000E+01  0.1980373E+01  0.8094405E+00  0.0000000E+00  0.0000000E+00  0.3174962E-04
   0.9400000E+01  0.1980373E+01  0.8072375E+00  0.0000000E+00  0.0000000E+00  0.2858686E-04
   0.9600000E+01  0.1980373E+01  0.8053435E+00  0.0000000E+00  0.0000000E+00  0.2628622E-04
   0.9800000E+01  0.1980373E+01  0.8037408E+00  0.0000000E+00  0.0000000E+00  0.2509213E-04
   0.1000000E+02  0.1980373E+01  0.8023947E+00  0.0000000E+00  0.0000000E+00  0.2489218E-04
   0.1020000E+02  0.1980373E+01  0.8012537E+00  0.0000000E+00  0.0000000E+00  0.2520711E-04
   0.1040000E+02  0.1980373E+01  0.8002524E+00  0.0000000E+00  0.0000000E+00  0.2525060E-04
   0.1060000E+02  0.1980373E+01  0.7993176E+00  0.0000000E+00  0.0000000E+00  0.2414108E-04
   0.1080000E+02  0.1980373E+01  0.7983811E+00  0.0000000E+00  0.0000000E+00  0.2126234E-04
   0.1100000E+02  0.1980373E+01  0.7973914E+00  0.0000000E+00  0.0000000E+00  0.1657228E-04
   0.1120000E+02  0.1980373E+01  0.7963207E+00  0.0000000E+00  0.0000000E+00  0.1062294E-04
   0.1140000E+02  0.1980373E+01  0.7951627E+00  0.0000000E+00  0.0000000E+00  0.4302743E-05
   0.1160000E+02  0.1980373E+01  0.7939256E+00  0.0000000E+00  0.0000000E+00 -0.1488634E-05
   0.1180000E+02  0.1980373E+01  0.7926238E+00  0.0000000E+00  0.0000000E+00 -0.6073296E-05
   0.1200000E+02  0.1980373E+01  0.7912725E+00  0.0000000E+00  0.0000000E+00 -0.9110471E-05
   0.1220000E+02  0.1980373E+01  0.7898856E+00  0.0000000E+00  0.0000000E+00 -0.1061921E-04
   0.1240000E+02  0.1980373E+01  0.7884754E+00  0.0000000E+00  0.0000000E+00 -0.1090720E-04
   0.1260000E+02  0.1980373E+01  0.7870527E+00  0.0000000E+00  0.0000000E+00 -0.1041938E-04
   0.1280000E+02  0.1980373E+01  0.7856277E+00  0.0000000E+00  0.0000000E+00 -0.9564483E-05
   0.1300000E+02  0.1980373E+01  0.7842102E+00  0.0000000E+00  0.0000000E+00 -0.8586642E-05
   0.1320000E+02  0.1980373E+01  0.7828094E+00  0.0000000E+00  0.0000000E+00 -0.7528767E-05
   0.1340000E+02  0.1980373E+01  0.7814331E+00  0.0000000E+00  0.0000000E+00 -0.6290517E-05
   0.1360000E+02  0.1980373E+01  0.7800869E+00  0.0000000E+00  0.0000000E+00 -0.4738050E-05
   0.1380000E+02  0.1980373E+01  0.7787738E+00  0.0000000E+00  0.0000000E+00 -0.2808078E-05
   0.1400000E+02  0.1980373E+01  0.7774935E+00  0.0000000E+00  0.0000000E+00 -0.5668156E-06
   0.1420000E+02  0.1980373E+01  0.7762431E+00  0.0000000E+00  0.0000000E+00  0.1789375E-05
   0.1440000E+02  0.1980373E+01  0.7750171E+00  0.0000000E+00  0.0000000E+00  0.3984729E-05
   0.1460000E+02  0.1980373E+01  0.7738086E+00  0.0000000E+00  0.0000000E+00  0.5744477E-05
   0.1480000E+02  0.1980373E+01  0.7726108E+00  0.0000000E+00  0.0000000E+00  0.6873424E-05
   0.1500000E+02  0.1980373E+01  0.7714171E+00  0.0000000E+00  0.0000000E+00  0.7302711E-05
   0.1520000E+02  0.1980373E+01  0.7702226E+00  0.0000000E+00  0.0000000E+00  0.7091617E-05
   0.1540000E+02  0.1980373E+01  0.7690240E+00  0.0000000E+00  0.0000000E+00  0.6393665E-05
   0.1560000E+02  0.1980373E+01  0.7678199E+00  0.0000000E+00  0.0000000E+00  0.5408369E-05
   0.1580000E+02  0.1980373E+01  0.7666103E+00  0.0000000E+00  0.0000000E+00  0.4336938E-05
   0.1600000E+02  0.1980373E+01  0.7653966E+00  0.0000000E+00  0.0000000E+00  0.3350594E-05
   0.1620000E+02  0.1980373E+01  0.7641814E+00  0.0000000E+00  0.0000000E+00  0.2572755E-05
   0.1640000E+02  0.1980373E+01  0.7629683E+00  0.0000000E+00  0.0000000E+00  0.2073263E-05
   0.1660000E+02  0.1980373E+01  0.7617619E+00  0.0000000E+00  0.0000000E+00  0.1871771E-05
   0.1680000E+02  0.1980373E+01  0.7605684E+00  0.0000000E+00  0.0000000E+00  0.1947112E-05
   0.1700000E+02  0.1980373E+01  0.7593962E+00  0.0000000E+00  0.0000000E+00  0.2249638E-05
   0.1720000E+02  0.1980373E+01  0.7582563E+00  0.0000000E+00  0.0000000E+00  0.2713782E-05
   0.1740000E+02  0.1980373E+01  0.7571629E+00  0.0000000E+00  0.0000000E+00  0.3268293E-05
   0.1760000E+02  0.1980373E+01  0.7561334E+00  0.0000000E+00  0.0000000E+00  0.3842043E-05
   0.1780000E+02  0.1980373E+01  0.7551880E+00  0.0000000E+00  0.0000000E+00  0.4364733E-05
   0.1800000E+02  0.1980373E+01  0.7543494E+00  0.0000000E+00  0.0000000E+00  0.4763720E-05
   0.1820000E+02  0.1980373E+01  0.7536410E+00  0.0000000E+00  0.0000000E+00  0.4959530E-05
   0.1840000E+02  0.1980373E+01  0.7530863E+00  0.0000000E+00  0.0000000E+00  0.4862526E-05
   0.1860000E+02  0.1980373E+01  0.7527068E+00  0.0000000E+00  0.0000000E+00  0.4371846E-05
   0.1880000E+02  0.1980373E+01  0.7525213E+00  0.0000000E+00  0.0000000E+00  0.3376046E-05
   0.1900000E+02  0.1980373E+01  0.7525447E+00  0.0000000E+00  0.0000000E+00  0.1753625E-05
   0.1920000E+02  0.1980373E+01  0.7527876E+00  0.0000000E+00  0.0000000E+00 -0.6296643E-06
   0.1940000E+02  0.1980373E+01  0.7532553E+00  0.0000000E+00  0.0000000E+00 -0.3930484E-05
   0.1960000E+02  0.1980373E+01  0.7539476E+00  0.0000000E+00  0.0000000E+00 -0.8341742E-05
   0.1980000E+02  0.1980373E+01  0.7548574E+00  0.0000000E+00  0.0000000E+00 -0.1408748E-04
   0.2000000E+02  0.1980373E+01  0.7559691E+00  0.0000000E+00  0.0000000E+00 -0.2136489E-04
   0.2020000E+02  0.1980373E+01  0.7572556E+00  0.0000000E+00  0.0000000E+00 -0.3023389E-04
   0.2040000E+02  0.1980373E+01  0.7586752E+00  0.0000000E+00  0.0000000E+00 -0.4049137E-04
   0.2060000E+02  0.1980373E+01  0.7601702E+00  0.0000000E+00  0.0000000E+00 -0.5153815E-04
   0.2080000E+02  0.1980373E+01  0.7616699E+00  0.0000000E+00  0.0000000E+00 -0.6225214E-04
   0.2100000E+02  0.1980373E+01  0.7630957E+00  0.0000000E+00  0.0000000E+00 -0.7102717E-04
   0.2120000E+02  0.1980373E+01  0.7643700E+00  0.0000000E+00  0.0000000E+00 -0.7618043E-04
   0.2140000E+02  0.1980373E+01  0.7654251E+00  0.0000000E+00  0.0000000E+00 -0.7654340E-04
   0.2160000E+02  0.1980373E+01  0.7662087E+00  0.0000000E+00  0.0000000E+00 -0.7174496E-04
   0.2180000E+02  0.1980373E+01  0.7666872E+00  0.0000000E+00  0.0000000E+00 -0.6223800E-04
   0.2200000E+02  0.1980373E+01  0.7668485E+00  0.0000000E+00  0.0000000E+00 -0.4900200E-04
   0.2220000E+02  0.1980373E+01  0.7666966E+00  0.0000000E+00  0.0000000E+00 -0.3342263E-04
   0.2240000E+02  0.1980373E+01  0.7662491E+00  0.0000000E+00  0.0000000E+00 -0.1696803E-04
   0.2260000E+02  0.1980373E+01  0.7655344E+00  0.0000000E+00  0.0000000E+00 -0.8264278E-06
   0.2280000E+02  0.1980373E+01  0.7645867E+00  0.0000000E+00  0.0000000E+00  0.1392065E-04
   0.2300000E+02  0.1980373E+01  0.7634444E+00  0.0000000E+00  0.0000000E+00  0.2649286E-04
   0.2320000E+02  0.1980373E+01  0.7621473E+00  0.0000000E+00  0.0000000E+00  0.3640646E-04
   0.2340000E+02  0.1980373E+01  0.7607346E+00  0.0000000E+00  0.0000000E+00  0.4339183E-04
   0.2360000E+02  0.1980373E+01  0.7592435E+00  0.0000000E+00  0.0000000E+00  0.4739136E-04
   0.2380000E+02  0.1980373E+01  0.7577081E+00  0.0000000E+00  0.0000000E+00  0.4850994E-04
   0.2400000E+02  0.1980373E+01  0.7561587E+00  0.0000000E+00  0.0000000E+00  0.4695926E-04
   0.2420000E+02  0.1980373E+01  0.7546210E+00  0.0000000E+00  0.0000000E+00  0.4301885E-04
   0.2440000E+02  0.1980373E+01  0.7531165E+00  0.0000000E+00  0.0000000E+00  0.3700123E-04
   0.2460000E+02  0.1980373E+01  0.7516620E+00  0.0000000E+00  0.0000000E+00  0.2922128E-04
   0.2480000E+02  0.1980373E+01  0.7502701E+00  0.0000000E+00  0.0000000E+00  0.1997373E-04
   0.2500000E+02  0.1980373E+01  0.7489499E+00  0.0000000E+00  0.0000000E+00  0.9517723E-05
   0.2520000E+02  0.1980373E+01  0.7477064E+00  0.0000000E+00  0.0000000E+00 -0.1933513E-05
   0.2540000E+02  0.1980373E+01  0.7465424E+00  0.0000000E+00  0.0000000E+00 -0.1421847E-04
   0.2560000E+02  0.1980373E+01  0.7454577E+00  0.0000000E+00  0.0000000E+00 -0.2722806E-04
   0.2580000E+02  0.1980373E+01  0.7444508E+00  0.0000000E+00  0.0000000E+00 -0.4090104E-04
   0.2600000E+02  0.1980373E+01  0.7435188E+00  0.0000000E+00  0.0000000E+00 -0.5521475E-04
   0.2620000E+02  0.1980373E+01  0.7426582E+00  0.0000000E+00  0.0000000E+00 -0.7017133E-04
   0.2640000E+02  0.1980373E+01  0.7418654E+00  0.0000000E+00  0.0000000E+00 -0.8577976E-04
   0.2660000E+02  0.1980373E+01  0.7411377E+00  0.0000000E+00  0.0000000E+00 -0.1020346E-03
   0.2680000E+02  0.1980373E+01  0.7404731E+00  0.0000000E+00  0.0000000E+00 -0.1188922E-03
   0.2700000E+02  0.1980373E+01  0.7398716E+00  0.0000000E+00  0.0000000E+00 -0.1362461E-03
   0.2720000E+02  0.1980373E+01  0.7393350E+00  0.0000000E+00  0.0000000E+00 -0.1539025E-03
   0.2740000E+02  0.1980373E+01  0.7388675E+00  0.0000000E+00  0.0000000E+00 -0.1715577E-03
   0.2760000E+02  0.1980373E+01  0.7384765E+00  0.0000000E+00  0.0000000E+00 -0.1887750E-03
   0.2780000E+02  0.1980373E+01  0.7381720E+00  0.0000000E+00  0.0000000E+00 -0.2049631E-03
   0.2800000E+02  0.1980373E+01  0.7379674E+00  0.0000000E+00  0.0000000E+00 -0.2193475E-03
   0.2820000E+02  0.1980373E+01  0.7378796E+00  0.0000000E+00  0.0000000E+00 -0.2309327E-03
   0.2840000E+02  0.1980373E+01  0.7379282E+00  0.0000000E+00  0.0000000E+00 -0.2384436E-03
   0.2860000E+02  0.1980373E+01  0.7381361E+00  0.0000000E+00  0.0000000E+00 -0.2402392E-03
   0.2880000E+02  0.1980373E+01  0.7385281E+00  0.0000000E+00  0.0000000E+00 -0.2341971E-03
   0.2900000E+02  0.1980373E+01  0.7391304E+00  0.0000000E+00  0.0000000E+00 -0.2175876E-03
   0.2920000E+02  0.1980373E+01  0.7399673E+00  0.0000000E+00  0.0000000E+00 -0.1870141E-03
   0.2940000E+02  0.1980373E+01  0.7410582E+00  0.0000000E+00  0.0000000E+00 -0.1386066E-03
   0.2960000E+02  0.1980373E+01  0.7424113E+00  0.0000000E+00  0.0000000E+00 -0.6881980E-04
   0.2980000E+02  0.1980373E+01  0.7440169E+00  0.0000000E+00  0.0000000E+00  0.2373967E-04
   0.3000000E+02  0.1980373E+01  0.7458424E+00  0.0000000E+00  0.0000000E+00  0.1355006E-03
   0.3020000E+02  0.1980373E+01  0.7478327E+00  0.0000000E+00  0.0000000E+00  0.2555663E-03
   0.3040000E+02  0.1980373E+01  0.7499187E+00  0.0000000E+00  0.0000000E+00  0.3664755E-03
   0.3060000E+02  0.1980373E+01  0.7520277E+00  0.0000000E+00  0.0000000E+00  0.4491075E-03
   0.3080000E+02  0.1980373E+01  0.7540889E+00  0.0000000E+00  0.0000000E+00  0.4889128E-03
   0.3100000E+02  0.1980373E+01  0.7560340E+00  0.0000000E+00  0.0000000E+00  0.4797753E-03
   0.3120000E+02  0.1980373E+01  0.7577977E+00  0.0000000E+00  0.0000000E+00  0.4243699E-03
   0.3140000E+02  0.1980373E+01  0.7593243E+00  0.0000000E+00  0.0000000E+00  0.3321782E-03
   0.3160000E+02  0.1980373E+01  0.7605718E+00  0.0000000E+00  0.0000000E+00  0.2153085E-03
   0.3180000E+02  0.1980373E+01  0.7615147E+00  0.0000000E+00  0.0000000E+00  0.8570961E-04
   0.3200000E+02  0.1980373E+01  0.7621465E+00  0.0000000E+00  0.0000000E+00 -0.4724651E-04
   0.3220000E+02  0.1980373E+01  0.7624764E+00  0.0000000E+00  0.0000000E+00 -0.1768793E-03
   0.3240000E+02  0.1980373E+01  0.7625281E+00  0.0000000E+00  0.0000000E+00 -0.2984210E-03
   0.3260000E+02  0.1980373E+01  0.7623373E+00  0.0000000E+00  0.0000000E+00 -0.4083256E-03
   0.3280000E+02  0.1980373E+01  0.7619484E+00  0.0000000E+00  0.0000000E+00 -0.5033730E-03
   0.3300000E+02  0.1980373E+01  0.7614119E+00  0.0000000E+00  0.0000000E+00 -0.5807506E-03
   0.3320000E+02  0.1980373E+01  0.7607805E+00  0.0000000E+00  0.0000000E+00 -0.6380611E-03
   0.3340000E+02  0.1980373E+01  0.7601051E+00  0.0000000E+00  0.0000000E+00 -0.6734561E-03
   0.3360000E+02  0.1980373E+01  0.7594317E+00  0.0000000E+00  0.0000000E+00 -0.6858840E-03
   0.3380000E+02  0.1980373E+01  0.7588000E+00  0.0000000E+00  0.0000000E+00 -0.6752857E-03
   0.3400000E+02  0.1980373E+01  0.7582425E+00  0.0000000E+00  0.0000000E+00 -0.6427049E-03
   0.3420000E+02  0.1980373E+01  0.7577846E+00  0.0000000E+00  0.0000000E+00 -0.5902728E-03
   0.3440000E+02  0.1980373E+01  0.7574458E+00  0.0000000E+00  0.0000000E+00 -0.5211441E-03
   0.3460000E+02  0.1980373E+01  0.7572399E+00  0.0000000E+00  0.0000000E+00 -0.4394032E-03
   0.3480000E+02  0.1980373E+01  0.7571763E+00  0.0000000E+00  0.0000000E+00 -0.3498350E-03
   0.3500000E+02  0.1980373E+01  0.7572596E+00  0.0000000E+00  0.0000000E+00 -0.2575682E-03
   0.3520000E+02  0.1980373E+01  0.7574903E+00  0.0000000E+00  0.0000000E+00 -0.1676888E-03
   0.3540000E+02  0.1980373E+01  0.7578648E+00  0.0000000E+00  0.0000000E+00 -0.8487276E-04
   0.3560000E+02  0.1980373E+01  0.7583756E+00  0.0000000E+00  0.0000000E+00 -0.1304083E-04
   0.3580000E+02  0.1980373E+01  0.7590117E+00  0.0000000E+00  0.0000000E+00  0.4495554E-04
   0.3600000E+02  0.1980373E+01  0.7597584E+00  0.0000000E+00  0.0000000E+00  0.8746621E-04
   0.3620000E+02  0.1980373E+01  0.7605972E+00  0.0000000E+00  0.0000000E+00  0.1139838E-03
   0.3640000E+02  0.1980373E+01  0.7615057E+00  0.0000000E+00  0.0000000E+00  0.1249609E-03
   0.3660000E+02  0.1980373E+01  0.7624569E+00  0.0000000E+00  0.0000000E+00  0.1215204E-03
   0.3680000E+02  0.1980373E+01  0.7634207E+00  0.0000000E+00  0.0000000E+00  0.1052006E-03
   0.3700000E+02  0.1980373E+01  0.7643665E+00  0.0000000E+00  0.0000000E+00  0.7771395E-04
   0.3720000E+02  0.1980373E+01  0.7652646E+00  0.0000000E+00  0.0000000E+00  0.4071540E-04
   0.3740000E+02  0.1980373E+01  0.7660893E+00  0.0000000E+00  0.0000000E+00 -0.3876786E-05
   0.3760000E+02  0.1980373E+01  0.7668235E+00  0.0000000E+00  0.0000000E+00 -0.5351681E-04
   0.3780000E+02  0.1980373E+01  0.7674565E+00  0.0000000E+00  0.0000000E+00 -0.1058209E-03
   0.3800000E+02  0.1980373E+01  0.7679820E+00  0.0000000E+00  0.0000000E+00 -0.1585264E-03
   0.3820000E+02  0.1980373E+01  0.7684000E+00  0.0000000E+00  0.0000000E+00 -0.2089460E-03
   0.3840000E+02  0.1980373E+01  0.7687145E+00  0.0000000E+00  0.0000000E+00 -0.2545792E-03
   0.3860000E+02  0.1980373E+01  0.7689322E+00  0.0000000E+00  0.0000000E+00 -0.2932965E-03
   0.3880000E+02  0.1980373E+01  0.7690614E+00  0.0000000E+00  0.0000000E+00 -0.3232181E-03
   0.3900000E+02  0.1980373E+01  0.7691114E+00  0.0000000E+00  0.0000000E+00 -0.3428604E-03
   0.3920000E+02  0.1980373E+01  0.7690912E+00  0.0000000E+00  0.0000000E+00 -0.3512000E-03
   0.3940000E+02  0.1980373E+01  0.7690085E+00  0.0000000E+00  0.0000000E+00 -0.3476709E-03
   0.3960000E+02  0.1980373E+01  0.7688698E+00  0.0000000E+00  0.0000000E+00 -0.3320925E-03
   0.3980000E+02  0.1980373E+01  0.7686802E+00  0.0000000E+00  0.0000000E+00 -0.3045968E-03
   0.4000000E+02  0.1980373E+01  0.7684457E+00  0.0000000E+00  0.0000000E+00 -0.2656496E-03
   0.4020000E+02  0.1980373E+01  0.7681740E+00  0.0000000E+00  0.0000000E+00 -0.2159947E-03
   0.4040000E+02  0.1980373E+01  0.7678765E+00  0.0000000E+00  0.0000000E+00 -0.1566604E-03
   0.4060000E+02  0.1980373E+01  0.7675676E+00  0.0000000E+00  0.0000000E+00 -0.8900139E-04
   0.4080000E+02  0.1980373E+01  0.7672644E+00  0.0000000E+00  0.0000000E+00 -0.1473356E-04
   0.4100000E+02  0.1980373E+01  0.7669840E+00  0.0000000E+00  0.0000000E+00  0.6401354E-04
   0.4120000E+02  0.1980373E+01  0.7667427E+00  0.0000000E+00  0.0000000E+00  0.1446605E-03
   0.4140000E+02  0.1980373E+01  0.7665543E+00  0.0000000E+00  0.0000000E+00  0.2241655E-03
   0.4160000E+02  0.1980373E+01  0.7664301E+00  0.0000000E+00  0.0000000E+00  0.2990510E-03
   0.4180000E+02  0.1980373E+01  0.7663790E+00  0.0000000E+00  0.0000000E+00  0.3654770E-03
   0.4200000E+02  0.1980373E+01  0.7664076E+00  0.0000000E+00  0.0000000E+00  0.4193683E-03
   0.4220000E+02  0.1980373E+01  0.7665202E+00  0.0000000E+00  0.0000000E+00  0.4566015E-03
   0.4240000E+02  0.1980373E+01  0.7667192E+00  0.0000000E+00  0.0000000E+00  0.4732496E-03
   0.4260000E+02  0.1980373E+01  0.7670045E+00  0.0000000E+00  0.0000000E+00  0.4658784E-03
   0.4280000E+02  0.1980373E+01  0.7673737E+00  0.0000000E+00  0.0000000E+00  0.4318833E-03
   0.4300000E+02  0.1980373E+01  0.7678218E+00  0.0000000E+00  0.0000000E+00  0.3698351E-03
   0.4320000E+02  0.1980373E+01  0.7683417E+00  0.0000000E+00  0.0000000E+00  0.2797854E-03
   0.4340000E+02  0.1980373E+01  0.7689240E+00  0.0000000E+00  0.0000000E+00  0.1634729E-03
   0.4360000E+02  0.1980373E+01  0.7695559E+00  0.0000000E+00  0.0000000E+00  0.2440023E-04
   0.4380000E+02  0.1980373E+01  0.7702191E+00  0.0000000E+00  0.0000000E+00 -0.1322779E-03
   0.4400000E+02  0.1980373E+01  0.7708872E+00  0.0000000E+00  0.0000000E+00 -0.3000880E-03
   0.4420000E+02  0.1980373E+01  0.7715248E+00  0.0000000E+00  0.0000000E+00 -0.4716820E-03
   0.4440000E+02  0.1980373E+01  0.7720911E+00  0.0000000E+00  0.0000000E+00 -0.6393798E-03
   0.4460000E+02  0.1980373E+01  0.7725492E+00  0.0000000E+00  0.0000000E+00 -0.7956475E-03
   0.4480000E+02  0.1980373E+01  0.7728771E+00  0.0000000E+00  0.0000000E+00 -0.9334072E-03
   0.4500000E+02  0.1980373E+01  0.7730750E+00  0.0000000E+00  0.0000000E+00 -0.1046234E-02
   0.4520000E+02  0.1980373E+01  0.7731641E+00  0.0000000E+00  0.0000000E+00 -0.1128442E-02
   0.4540000E+02  0.1980373E+01  0.7731826E+00  0.0000000E+00  0.0000000E+00 -0.1175220E-02
   0.4560000E+02  0.1980373E+01  0.7731796E+00  0.0000000E+00  0.0000000E+00 -0.1182915E-02
   0.4580000E+02  0.1980373E+01  0.7732116E+00  0.0000000E+00  0.0000000E+00 -0.1149517E-02
   0.4600000E+02  0.1980373E+01  0.7733380E+00  0.0000000E+00  0.0000000E+00 -0.1075203E-02
   0.4620000E+02  0.1980373E+01  0.7736154E+00  0.0000000E+00  0.0000000E+00 -0.9626828E-03
   0.4640000E+02  0.1980373E+01  0.7740895E+00  0.0000000E+00  0.0000000E+00 -0.8171624E-03
   0.4660000E+02  0.1980373E+01  0.7747880E+00  0.0000000E+00  0.0000000E+00 -0.6458712E-03
   0.4680000E+02  0.1980373E+01  0.7757184E+00  0.0000000E+00  0.0000000E+00 -0.4569477E-03
   0.4700000E+02  0.1980373E+01  0.7768701E+00  0.0000000E+00  0.0000000E+00 -0.2584631E-03
   0.4720000E+02  0.1980373E+01  0.7782115E+00  0.0000000E+00  0.0000000E+00 -0.5755458E-04
   0.4740000E+02  0.1980373E+01  0.7796763E+00  0.0000000E+00  0.0000000E+00  0.1398815E-03
   0.4760000E+02  0.1980373E+01  0.7811527E+00  0.0000000E+00  0.0000000E+00  0.3293236E-03
   0.4780000E+02  0.1980373E+01  0.7825105E+00  0.0000000E+00  0.0000000E+00  0.5074186E-03
   0.4800000E+02  0.1980373E+01  0.7836504E+00  0.0000000E+00  0.0000000E+00  0.6716702E-03
